2020-05-03 23:35:53.121 [INFO ] org.springframework.boot.StartupInfoLogger.logStarting - Starting JasonStartApplication on 192.168.5.36 with PID 25471 (/Users/zhangkai/workspace/java/jason_start/target/classes started by zhangkai in /Users/zhangkai/workspace/java/jason_start)
2020-05-03 23:35:53.127 [INFO ] org.springframework.boot.SpringApplication.logStartupProfileInfo - No active profile set, falling back to default profiles: default
2020-05-03 23:35:53.158 [INFO ] org.springframework.boot.logging.DeferredLog.logTo - Devtools property defaults active! Set 'spring.devtools.add-properties' to 'false' to disable
2020-05-03 23:35:53.158 [INFO ] org.springframework.boot.logging.DeferredLog.logTo - For additional web related logging consider setting the 'logging.level.web' property to 'DEBUG'
2020-05-03 23:35:54.110 [INFO ] org.springframework.boot.web.embedded.tomcat.TomcatWebServer.initialize - Tomcat initialized with port(s): 8087 (http)
2020-05-03 23:35:54.124 [INFO ] org.apache.juli.logging.DirectJDKLog.log - Initializing ProtocolHandler ["http-nio-8087"]
2020-05-03 23:35:54.125 [INFO ] org.apache.juli.logging.DirectJDKLog.log - Starting service [Tomcat]
2020-05-03 23:35:54.125 [INFO ] org.apache.juli.logging.DirectJDKLog.log - Starting Servlet engine: [Apache Tomcat/9.0.34]
2020-05-03 23:35:54.175 [INFO ] org.apache.juli.logging.DirectJDKLog.log - Initializing Spring embedded WebApplicationContext
2020-05-03 23:35:54.175 [INFO ] org.springframework.boot.web.servlet.context.ServletWebServerApplicationContext.prepareWebApplicationContext - Root WebApplicationContext: initialization completed in 1016 ms
2020-05-03 23:35:54.540 [INFO ] springfox.documentation.spring.web.PropertySourcedRequestMappingHandlerMapping.initHandlerMethods - Mapped URL path [/v2/api-docs] onto method [springfox.documentation.swagger2.web.Swagger2Controller#getDocumentation(String, HttpServletRequest)]
2020-05-03 23:35:54.662 [INFO ] springfox.documentation.spring.web.plugins.DocumentationPluginsBootstrapper.start - Context refreshed
2020-05-03 23:35:54.681 [INFO ] springfox.documentation.spring.web.plugins.DocumentationPluginsBootstrapper.start - Found 1 custom documentation plugin(s)
2020-05-03 23:35:54.703 [INFO ] springfox.documentation.spring.web.scanners.ApiListingReferenceScanner.scan - Scanning for api listing references
2020-05-03 23:35:54.790 [INFO ] org.apache.juli.logging.DirectJDKLog.log - Starting ProtocolHandler ["http-nio-8087"]
2020-05-03 23:35:54.856 [INFO ] org.springframework.boot.web.embedded.tomcat.TomcatWebServer.start - Tomcat started on port(s): 8087 (http) with context path '/jason'
2020-05-03 23:35:54.864 [INFO ] org.springframework.boot.StartupInfoLogger.logStarted - Started JasonStartApplication in 2.166 seconds (JVM running for 2.839)
2020-05-03 23:35:58.645 [INFO ] org.apache.juli.logging.DirectJDKLog.log - Initializing Spring DispatcherServlet 'dispatcherServlet'
2020-05-03 23:35:58.646 [INFO ] org.springframework.web.servlet.FrameworkServlet.initServletBean - Initializing Servlet 'dispatcherServlet'
2020-05-03 23:35:58.650 [INFO ] org.springframework.web.servlet.FrameworkServlet.initServletBean - Completed initialization in 4 ms
2020-05-03 23:35:58.683 [INFO ] com.jason.jason_start.controller.ParamController.getChartData - getChartData: start...
2020-05-03 23:35:58.754 [INFO ] com.jason.jason_start.controller.ParamController.getChartData - debug:true
2020-05-03 23:35:58.755 [INFO ] com.jason.jason_start.controller.ParamController.getChartData - chartParam:ChartParam(id=xxx, name=zhangkai12913, chart_type=1)
2020-05-03 23:40:39.324 [INFO ] org.springframework.boot.StartupInfoLogger.logStarting - Starting JasonStartApplication on 192.168.5.36 with PID 25484 (/Users/zhangkai/workspace/java/jason_start/target/classes started by zhangkai in /Users/zhangkai/workspace/java/jason_start)
2020-05-03 23:40:39.330 [INFO ] org.springframework.boot.SpringApplication.logStartupProfileInfo - No active profile set, falling back to default profiles: default
2020-05-03 23:40:39.362 [INFO ] org.springframework.boot.logging.DeferredLog.logTo - Devtools property defaults active! Set 'spring.devtools.add-properties' to 'false' to disable
2020-05-03 23:40:39.363 [INFO ] org.springframework.boot.logging.DeferredLog.logTo - For additional web related logging consider setting the 'logging.level.web' property to 'DEBUG'
2020-05-03 23:40:40.431 [INFO ] org.springframework.boot.web.embedded.tomcat.TomcatWebServer.initialize - Tomcat initialized with port(s): 8087 (http)
2020-05-03 23:40:40.447 [INFO ] org.apache.juli.logging.DirectJDKLog.log - Initializing ProtocolHandler ["http-nio-8087"]
2020-05-03 23:40:40.448 [INFO ] org.apache.juli.logging.DirectJDKLog.log - Starting service [Tomcat]
2020-05-03 23:40:40.448 [INFO ] org.apache.juli.logging.DirectJDKLog.log - Starting Servlet engine: [Apache Tomcat/9.0.34]
2020-05-03 23:40:40.509 [INFO ] org.apache.juli.logging.DirectJDKLog.log - Initializing Spring embedded WebApplicationContext
2020-05-03 23:40:40.509 [INFO ] org.springframework.boot.web.servlet.context.ServletWebServerApplicationContext.prepareWebApplicationContext - Root WebApplicationContext: initialization completed in 1146 ms
2020-05-03 23:40:40.911 [INFO ] springfox.documentation.spring.web.PropertySourcedRequestMappingHandlerMapping.initHandlerMethods - Mapped URL path [/v2/api-docs] onto method [springfox.documentation.swagger2.web.Swagger2Controller#getDocumentation(String, HttpServletRequest)]
2020-05-03 23:40:41.041 [INFO ] springfox.documentation.spring.web.plugins.DocumentationPluginsBootstrapper.start - Context refreshed
2020-05-03 23:40:41.060 [INFO ] springfox.documentation.spring.web.plugins.DocumentationPluginsBootstrapper.start - Found 1 custom documentation plugin(s)
2020-05-03 23:40:41.083 [INFO ] springfox.documentation.spring.web.scanners.ApiListingReferenceScanner.scan - Scanning for api listing references
2020-05-03 23:40:41.171 [INFO ] org.apache.juli.logging.DirectJDKLog.log - Starting ProtocolHandler ["http-nio-8087"]
2020-05-03 23:40:41.223 [INFO ] org.springframework.boot.web.embedded.tomcat.TomcatWebServer.start - Tomcat started on port(s): 8087 (http) with context path '/jason'
2020-05-03 23:40:41.228 [INFO ] org.springframework.boot.StartupInfoLogger.logStarted - Started JasonStartApplication in 2.326 seconds (JVM running for 3.465)
2020-05-03 23:40:58.393 [INFO ] org.apache.juli.logging.DirectJDKLog.log - Initializing Spring DispatcherServlet 'dispatcherServlet'
2020-05-03 23:40:58.393 [INFO ] org.springframework.web.servlet.FrameworkServlet.initServletBean - Initializing Servlet 'dispatcherServlet'
2020-05-03 23:40:58.398 [INFO ] org.springframework.web.servlet.FrameworkServlet.initServletBean - Completed initialization in 5 ms
2020-05-03 23:44:24.787 [INFO ] org.springframework.boot.StartupInfoLogger.logStarting - Starting JasonStartApplication on 192.168.5.36 with PID 25500 (/Users/zhangkai/workspace/java/jason_start/target/classes started by zhangkai in /Users/zhangkai/workspace/java/jason_start)
2020-05-03 23:44:24.792 [INFO ] org.springframework.boot.SpringApplication.logStartupProfileInfo - No active profile set, falling back to default profiles: default
2020-05-03 23:44:24.822 [INFO ] org.springframework.boot.logging.DeferredLog.logTo - Devtools property defaults active! Set 'spring.devtools.add-properties' to 'false' to disable
2020-05-03 23:44:24.822 [INFO ] org.springframework.boot.logging.DeferredLog.logTo - For additional web related logging consider setting the 'logging.level.web' property to 'DEBUG'
2020-05-03 23:44:25.786 [INFO ] org.springframework.boot.web.embedded.tomcat.TomcatWebServer.initialize - Tomcat initialized with port(s): 8087 (http)
2020-05-03 23:44:25.801 [INFO ] org.apache.juli.logging.DirectJDKLog.log - Initializing ProtocolHandler ["http-nio-8087"]
2020-05-03 23:44:25.801 [INFO ] org.apache.juli.logging.DirectJDKLog.log - Starting service [Tomcat]
2020-05-03 23:44:25.802 [INFO ] org.apache.juli.logging.DirectJDKLog.log - Starting Servlet engine: [Apache Tomcat/9.0.34]
2020-05-03 23:44:25.856 [INFO ] org.apache.juli.logging.DirectJDKLog.log - Initializing Spring embedded WebApplicationContext
2020-05-03 23:44:25.856 [INFO ] org.springframework.boot.web.servlet.context.ServletWebServerApplicationContext.prepareWebApplicationContext - Root WebApplicationContext: initialization completed in 1033 ms
2020-05-03 23:44:25.902 [INFO ] org.apache.juli.logging.DirectJDKLog.log - Stopping service [Tomcat]
2020-05-03 23:44:25.912 [INFO ] org.springframework.boot.autoconfigure.logging.ConditionEvaluationReportLoggingListener.logMessage - 

Error starting ApplicationContext. To display the conditions report re-run your application with 'debug' enabled.
2020-05-03 23:45:49.476 [INFO ] org.springframework.boot.StartupInfoLogger.logStarting - Starting JasonStartApplication on 192.168.5.36 with PID 25508 (/Users/zhangkai/workspace/java/jason_start/target/classes started by zhangkai in /Users/zhangkai/workspace/java/jason_start)
2020-05-03 23:45:49.492 [INFO ] org.springframework.boot.SpringApplication.logStartupProfileInfo - No active profile set, falling back to default profiles: default
2020-05-03 23:45:49.558 [INFO ] org.springframework.boot.logging.DeferredLog.logTo - Devtools property defaults active! Set 'spring.devtools.add-properties' to 'false' to disable
2020-05-03 23:45:49.558 [INFO ] org.springframework.boot.logging.DeferredLog.logTo - For additional web related logging consider setting the 'logging.level.web' property to 'DEBUG'
2020-05-03 23:45:50.726 [INFO ] org.springframework.boot.web.embedded.tomcat.TomcatWebServer.initialize - Tomcat initialized with port(s): 8087 (http)
2020-05-03 23:45:50.742 [INFO ] org.apache.juli.logging.DirectJDKLog.log - Initializing ProtocolHandler ["http-nio-8087"]
2020-05-03 23:45:50.742 [INFO ] org.apache.juli.logging.DirectJDKLog.log - Starting service [Tomcat]
2020-05-03 23:45:50.743 [INFO ] org.apache.juli.logging.DirectJDKLog.log - Starting Servlet engine: [Apache Tomcat/9.0.34]
2020-05-03 23:45:50.810 [INFO ] org.apache.juli.logging.DirectJDKLog.log - Initializing Spring embedded WebApplicationContext
2020-05-03 23:45:50.810 [INFO ] org.springframework.boot.web.servlet.context.ServletWebServerApplicationContext.prepareWebApplicationContext - Root WebApplicationContext: initialization completed in 1252 ms
2020-05-03 23:45:50.861 [INFO ] org.apache.juli.logging.DirectJDKLog.log - Stopping service [Tomcat]
2020-05-03 23:45:50.871 [INFO ] org.springframework.boot.autoconfigure.logging.ConditionEvaluationReportLoggingListener.logMessage - 

Error starting ApplicationContext. To display the conditions report re-run your application with 'debug' enabled.
2020-05-03 23:46:24.082 [INFO ] org.springframework.boot.StartupInfoLogger.logStarting - Starting JasonStartApplication on 192.168.5.36 with PID 25511 (/Users/zhangkai/workspace/java/jason_start/target/classes started by zhangkai in /Users/zhangkai/workspace/java/jason_start)
2020-05-03 23:46:24.088 [INFO ] org.springframework.boot.SpringApplication.logStartupProfileInfo - The following profiles are active: dev
2020-05-03 23:46:24.117 [INFO ] org.springframework.boot.logging.DeferredLog.logTo - Devtools property defaults active! Set 'spring.devtools.add-properties' to 'false' to disable
2020-05-03 23:46:24.117 [INFO ] org.springframework.boot.logging.DeferredLog.logTo - For additional web related logging consider setting the 'logging.level.web' property to 'DEBUG'
2020-05-03 23:46:25.101 [INFO ] org.springframework.boot.web.embedded.tomcat.TomcatWebServer.initialize - Tomcat initialized with port(s): 8088 (http)
2020-05-03 23:46:25.117 [INFO ] org.apache.juli.logging.DirectJDKLog.log - Initializing ProtocolHandler ["http-nio-8088"]
2020-05-03 23:46:25.118 [INFO ] org.apache.juli.logging.DirectJDKLog.log - Starting service [Tomcat]
2020-05-03 23:46:25.118 [INFO ] org.apache.juli.logging.DirectJDKLog.log - Starting Servlet engine: [Apache Tomcat/9.0.34]
2020-05-03 23:46:25.184 [INFO ] org.apache.juli.logging.DirectJDKLog.log - Initializing Spring embedded WebApplicationContext
2020-05-03 23:46:25.185 [INFO ] org.springframework.boot.web.servlet.context.ServletWebServerApplicationContext.prepareWebApplicationContext - Root WebApplicationContext: initialization completed in 1068 ms
2020-05-03 23:46:25.561 [INFO ] springfox.documentation.spring.web.PropertySourcedRequestMappingHandlerMapping.initHandlerMethods - Mapped URL path [/v2/api-docs] onto method [springfox.documentation.swagger2.web.Swagger2Controller#getDocumentation(String, HttpServletRequest)]
2020-05-03 23:46:25.716 [INFO ] springfox.documentation.spring.web.plugins.DocumentationPluginsBootstrapper.start - Context refreshed
2020-05-03 23:46:25.737 [INFO ] springfox.documentation.spring.web.plugins.DocumentationPluginsBootstrapper.start - Found 1 custom documentation plugin(s)
2020-05-03 23:46:25.767 [INFO ] springfox.documentation.spring.web.scanners.ApiListingReferenceScanner.scan - Scanning for api listing references
2020-05-03 23:46:25.903 [INFO ] org.apache.juli.logging.DirectJDKLog.log - Starting ProtocolHandler ["http-nio-8088"]
2020-05-03 23:46:25.939 [INFO ] org.springframework.boot.web.embedded.tomcat.TomcatWebServer.start - Tomcat started on port(s): 8088 (http) with context path '/jason'
2020-05-03 23:46:25.942 [INFO ] org.springframework.boot.StartupInfoLogger.logStarted - Started JasonStartApplication in 2.511 seconds (JVM running for 3.195)
2020-05-03 23:46:51.048 [INFO ] org.apache.juli.logging.DirectJDKLog.log - Initializing Spring DispatcherServlet 'dispatcherServlet'
2020-05-03 23:46:51.049 [INFO ] org.springframework.web.servlet.FrameworkServlet.initServletBean - Initializing Servlet 'dispatcherServlet'
2020-05-03 23:46:51.053 [INFO ] org.springframework.web.servlet.FrameworkServlet.initServletBean - Completed initialization in 4 ms
2020-05-03 23:46:51.089 [INFO ] com.jason.jason_start.controller.ParamController.getChartData - current env is: this is dev
2020-05-03 23:46:51.089 [INFO ] com.jason.jason_start.controller.ParamController.getChartData - getChartData: start...
2020-05-03 23:46:51.162 [INFO ] com.jason.jason_start.controller.ParamController.getChartData - debug:true
2020-05-03 23:46:51.162 [INFO ] com.jason.jason_start.controller.ParamController.getChartData - chartParam:ChartParam(id=xxx, name=zhangkai12913, chart_type=1)
2020-05-03 23:47:20.169 [INFO ] org.springframework.boot.StartupInfoLogger.logStarting - Starting JasonStartApplication on 192.168.5.36 with PID 25516 (/Users/zhangkai/workspace/java/jason_start/target/classes started by zhangkai in /Users/zhangkai/workspace/java/jason_start)
2020-05-03 23:47:20.176 [INFO ] org.springframework.boot.SpringApplication.logStartupProfileInfo - The following profiles are active: dev
2020-05-03 23:47:20.218 [INFO ] org.springframework.boot.logging.DeferredLog.logTo - Devtools property defaults active! Set 'spring.devtools.add-properties' to 'false' to disable
2020-05-03 23:47:20.218 [INFO ] org.springframework.boot.logging.DeferredLog.logTo - For additional web related logging consider setting the 'logging.level.web' property to 'DEBUG'
2020-05-03 23:47:21.239 [INFO ] org.springframework.boot.web.embedded.tomcat.TomcatWebServer.initialize - Tomcat initialized with port(s): 8088 (http)
2020-05-03 23:47:21.255 [INFO ] org.apache.juli.logging.DirectJDKLog.log - Initializing ProtocolHandler ["http-nio-8088"]
2020-05-03 23:47:21.256 [INFO ] org.apache.juli.logging.DirectJDKLog.log - Starting service [Tomcat]
2020-05-03 23:47:21.256 [INFO ] org.apache.juli.logging.DirectJDKLog.log - Starting Servlet engine: [Apache Tomcat/9.0.34]
2020-05-03 23:47:21.323 [INFO ] org.apache.juli.logging.DirectJDKLog.log - Initializing Spring embedded WebApplicationContext
2020-05-03 23:47:21.323 [INFO ] org.springframework.boot.web.servlet.context.ServletWebServerApplicationContext.prepareWebApplicationContext - Root WebApplicationContext: initialization completed in 1105 ms
2020-05-03 23:47:21.724 [INFO ] springfox.documentation.spring.web.PropertySourcedRequestMappingHandlerMapping.initHandlerMethods - Mapped URL path [/v2/api-docs] onto method [springfox.documentation.swagger2.web.Swagger2Controller#getDocumentation(String, HttpServletRequest)]
2020-05-03 23:47:21.879 [INFO ] springfox.documentation.spring.web.plugins.DocumentationPluginsBootstrapper.start - Context refreshed
2020-05-03 23:47:21.900 [INFO ] springfox.documentation.spring.web.plugins.DocumentationPluginsBootstrapper.start - Found 1 custom documentation plugin(s)
2020-05-03 23:47:21.927 [INFO ] springfox.documentation.spring.web.scanners.ApiListingReferenceScanner.scan - Scanning for api listing references
2020-05-03 23:47:22.066 [INFO ] org.apache.juli.logging.DirectJDKLog.log - Starting ProtocolHandler ["http-nio-8088"]
2020-05-03 23:47:22.103 [INFO ] org.springframework.boot.web.embedded.tomcat.TomcatWebServer.start - Tomcat started on port(s): 8088 (http) with context path '/jason'
2020-05-03 23:47:22.107 [INFO ] org.springframework.boot.StartupInfoLogger.logStarted - Started JasonStartApplication in 2.471 seconds (JVM running for 3.174)
2020-05-03 23:47:41.743 [INFO ] org.springframework.boot.StartupInfoLogger.logStarting - Starting JasonStartApplication on 192.168.5.36 with PID 25519 (/Users/zhangkai/workspace/java/jason_start/target/classes started by zhangkai in /Users/zhangkai/workspace/java/jason_start)
2020-05-03 23:47:41.755 [INFO ] org.springframework.boot.SpringApplication.logStartupProfileInfo - The following profiles are active: test
2020-05-03 23:47:41.812 [INFO ] org.springframework.boot.logging.DeferredLog.logTo - Devtools property defaults active! Set 'spring.devtools.add-properties' to 'false' to disable
2020-05-03 23:47:41.812 [INFO ] org.springframework.boot.logging.DeferredLog.logTo - For additional web related logging consider setting the 'logging.level.web' property to 'DEBUG'
2020-05-03 23:47:42.772 [INFO ] org.springframework.boot.web.embedded.tomcat.TomcatWebServer.initialize - Tomcat initialized with port(s): 8089 (http)
2020-05-03 23:47:42.785 [INFO ] org.apache.juli.logging.DirectJDKLog.log - Initializing ProtocolHandler ["http-nio-8089"]
2020-05-03 23:47:42.785 [INFO ] org.apache.juli.logging.DirectJDKLog.log - Starting service [Tomcat]
2020-05-03 23:47:42.785 [INFO ] org.apache.juli.logging.DirectJDKLog.log - Starting Servlet engine: [Apache Tomcat/9.0.34]
2020-05-03 23:47:42.836 [INFO ] org.apache.juli.logging.DirectJDKLog.log - Initializing Spring embedded WebApplicationContext
2020-05-03 23:47:42.836 [INFO ] org.springframework.boot.web.servlet.context.ServletWebServerApplicationContext.prepareWebApplicationContext - Root WebApplicationContext: initialization completed in 1023 ms
2020-05-03 23:47:43.218 [INFO ] springfox.documentation.spring.web.PropertySourcedRequestMappingHandlerMapping.initHandlerMethods - Mapped URL path [/v2/api-docs] onto method [springfox.documentation.swagger2.web.Swagger2Controller#getDocumentation(String, HttpServletRequest)]
2020-05-03 23:47:43.355 [INFO ] springfox.documentation.spring.web.plugins.DocumentationPluginsBootstrapper.start - Context refreshed
2020-05-03 23:47:43.375 [INFO ] springfox.documentation.spring.web.plugins.DocumentationPluginsBootstrapper.start - Found 1 custom documentation plugin(s)
2020-05-03 23:47:43.397 [INFO ] springfox.documentation.spring.web.scanners.ApiListingReferenceScanner.scan - Scanning for api listing references
2020-05-03 23:47:43.497 [INFO ] org.apache.juli.logging.DirectJDKLog.log - Starting ProtocolHandler ["http-nio-8089"]
2020-05-03 23:47:43.553 [INFO ] org.springframework.boot.web.embedded.tomcat.TomcatWebServer.start - Tomcat started on port(s): 8089 (http) with context path '/jason'
2020-05-03 23:47:43.561 [INFO ] org.springframework.boot.StartupInfoLogger.logStarted - Started JasonStartApplication in 2.255 seconds (JVM running for 2.912)
2020-05-03 23:47:44.774 [INFO ] org.apache.juli.logging.DirectJDKLog.log - Initializing Spring DispatcherServlet 'dispatcherServlet'
2020-05-03 23:47:44.774 [INFO ] org.springframework.web.servlet.FrameworkServlet.initServletBean - Initializing Servlet 'dispatcherServlet'
2020-05-03 23:47:44.779 [INFO ] org.springframework.web.servlet.FrameworkServlet.initServletBean - Completed initialization in 5 ms
2020-05-03 23:47:44.812 [INFO ] com.jason.jason_start.controller.ParamController.getChartData - current env is: this is test
2020-05-03 23:47:44.812 [INFO ] com.jason.jason_start.controller.ParamController.getChartData - getChartData: start...
2020-05-03 23:47:44.904 [INFO ] com.jason.jason_start.controller.ParamController.getChartData - debug:true
2020-05-03 23:47:44.904 [INFO ] com.jason.jason_start.controller.ParamController.getChartData - chartParam:ChartParam(id=xxx, name=zhangkai12913, chart_type=1)
2020-05-04 00:37:13.131 [INFO ] org.springframework.boot.StartupInfoLogger.logStarting - Starting JasonStartApplication on 192.168.5.36 with PID 25702 (/Users/zhangkai/workspace/java/jason_start/target/classes started by zhangkai in /Users/zhangkai/workspace/java/jason_start)
2020-05-04 00:37:13.139 [INFO ] org.springframework.boot.SpringApplication.logStartupProfileInfo - The following profiles are active: test
2020-05-04 00:37:13.190 [INFO ] org.springframework.boot.logging.DeferredLog.logTo - Devtools property defaults active! Set 'spring.devtools.add-properties' to 'false' to disable
2020-05-04 00:37:13.191 [INFO ] org.springframework.boot.logging.DeferredLog.logTo - For additional web related logging consider setting the 'logging.level.web' property to 'DEBUG'
2020-05-04 00:37:14.176 [INFO ] org.springframework.boot.web.embedded.tomcat.TomcatWebServer.initialize - Tomcat initialized with port(s): 8089 (http)
2020-05-04 00:37:14.193 [INFO ] org.apache.juli.logging.DirectJDKLog.log - Initializing ProtocolHandler ["http-nio-8089"]
2020-05-04 00:37:14.194 [INFO ] org.apache.juli.logging.DirectJDKLog.log - Starting service [Tomcat]
2020-05-04 00:37:14.194 [INFO ] org.apache.juli.logging.DirectJDKLog.log - Starting Servlet engine: [Apache Tomcat/9.0.34]
2020-05-04 00:37:14.253 [INFO ] org.apache.juli.logging.DirectJDKLog.log - Initializing Spring embedded WebApplicationContext
2020-05-04 00:37:14.254 [INFO ] org.springframework.boot.web.servlet.context.ServletWebServerApplicationContext.prepareWebApplicationContext - Root WebApplicationContext: initialization completed in 1061 ms
2020-05-04 00:37:14.645 [INFO ] springfox.documentation.spring.web.PropertySourcedRequestMappingHandlerMapping.initHandlerMethods - Mapped URL path [/v2/api-docs] onto method [springfox.documentation.swagger2.web.Swagger2Controller#getDocumentation(String, HttpServletRequest)]
2020-05-04 00:37:14.799 [INFO ] springfox.documentation.spring.web.plugins.DocumentationPluginsBootstrapper.start - Context refreshed
2020-05-04 00:37:14.824 [INFO ] springfox.documentation.spring.web.plugins.DocumentationPluginsBootstrapper.start - Found 1 custom documentation plugin(s)
2020-05-04 00:37:14.847 [INFO ] springfox.documentation.spring.web.scanners.ApiListingReferenceScanner.scan - Scanning for api listing references
2020-05-04 00:37:14.989 [INFO ] org.apache.juli.logging.DirectJDKLog.log - Starting ProtocolHandler ["http-nio-8089"]
2020-05-04 00:37:15.023 [INFO ] org.springframework.boot.web.embedded.tomcat.TomcatWebServer.start - Tomcat started on port(s): 8089 (http) with context path '/jason'
2020-05-04 00:37:15.027 [INFO ] org.springframework.boot.StartupInfoLogger.logStarted - Started JasonStartApplication in 2.366 seconds (JVM running for 3.635)
2020-05-04 00:41:39.596 [INFO ] org.apache.juli.logging.DirectJDKLog.log - Initializing Spring DispatcherServlet 'dispatcherServlet'
2020-05-04 00:41:39.596 [INFO ] org.springframework.web.servlet.FrameworkServlet.initServletBean - Initializing Servlet 'dispatcherServlet'
2020-05-04 00:41:39.602 [INFO ] org.springframework.web.servlet.FrameworkServlet.initServletBean - Completed initialization in 5 ms
2020-05-04 00:41:39.677 [INFO ] com.jason.jason_start.controller.ParamController.get - ChartParam(id=xxx, name=zhangkai12913, chart_type=1)
2020-05-04 00:44:20.347 [INFO ] org.springframework.boot.StartupInfoLogger.logStarting - Starting JasonStartApplication on 192.168.5.36 with PID 25718 (/Users/zhangkai/workspace/java/jason_start/target/classes started by zhangkai in /Users/zhangkai/workspace/java/jason_start)
2020-05-04 00:44:20.354 [INFO ] org.springframework.boot.SpringApplication.logStartupProfileInfo - The following profiles are active: test
2020-05-04 00:44:20.389 [INFO ] org.springframework.boot.logging.DeferredLog.logTo - Devtools property defaults active! Set 'spring.devtools.add-properties' to 'false' to disable
2020-05-04 00:44:20.390 [INFO ] org.springframework.boot.logging.DeferredLog.logTo - For additional web related logging consider setting the 'logging.level.web' property to 'DEBUG'
2020-05-04 00:44:21.539 [INFO ] org.springframework.boot.web.embedded.tomcat.TomcatWebServer.initialize - Tomcat initialized with port(s): 8089 (http)
2020-05-04 00:44:21.569 [INFO ] org.apache.juli.logging.DirectJDKLog.log - Initializing ProtocolHandler ["http-nio-8089"]
2020-05-04 00:44:21.571 [INFO ] org.apache.juli.logging.DirectJDKLog.log - Starting service [Tomcat]
2020-05-04 00:44:21.572 [INFO ] org.apache.juli.logging.DirectJDKLog.log - Starting Servlet engine: [Apache Tomcat/9.0.34]
2020-05-04 00:44:21.685 [INFO ] org.apache.juli.logging.DirectJDKLog.log - Initializing Spring embedded WebApplicationContext
2020-05-04 00:44:21.685 [INFO ] org.springframework.boot.web.servlet.context.ServletWebServerApplicationContext.prepareWebApplicationContext - Root WebApplicationContext: initialization completed in 1295 ms
2020-05-04 00:44:22.220 [INFO ] springfox.documentation.spring.web.PropertySourcedRequestMappingHandlerMapping.initHandlerMethods - Mapped URL path [/v2/api-docs] onto method [springfox.documentation.swagger2.web.Swagger2Controller#getDocumentation(String, HttpServletRequest)]
2020-05-04 00:44:22.367 [INFO ] springfox.documentation.spring.web.plugins.DocumentationPluginsBootstrapper.start - Context refreshed
2020-05-04 00:44:22.387 [INFO ] springfox.documentation.spring.web.plugins.DocumentationPluginsBootstrapper.start - Found 1 custom documentation plugin(s)
2020-05-04 00:44:22.414 [INFO ] springfox.documentation.spring.web.scanners.ApiListingReferenceScanner.scan - Scanning for api listing references
2020-05-04 00:44:22.521 [INFO ] org.apache.juli.logging.DirectJDKLog.log - Starting ProtocolHandler ["http-nio-8089"]
2020-05-04 00:44:22.553 [INFO ] org.springframework.boot.web.embedded.tomcat.TomcatWebServer.start - Tomcat started on port(s): 8089 (http) with context path '/jason'
2020-05-04 00:44:22.556 [INFO ] org.springframework.boot.StartupInfoLogger.logStarted - Started JasonStartApplication in 2.752 seconds (JVM running for 3.52)
2020-05-04 00:44:25.386 [INFO ] org.apache.juli.logging.DirectJDKLog.log - Initializing Spring DispatcherServlet 'dispatcherServlet'
2020-05-04 00:44:25.387 [INFO ] org.springframework.web.servlet.FrameworkServlet.initServletBean - Initializing Servlet 'dispatcherServlet'
2020-05-04 00:44:25.393 [INFO ] org.springframework.web.servlet.FrameworkServlet.initServletBean - Completed initialization in 6 ms
2020-05-04 00:44:25.471 [INFO ] com.jason.jason_start.controller.ParamController.get - APP_KEY:app_key_dv
2020-05-04 00:44:25.471 [INFO ] com.jason.jason_start.controller.ParamController.get - ChartParam(id=xxx, name=zhangkai12913, chart_type=1)
2020-05-04 00:44:38.398 [INFO ] com.jason.jason_start.controller.ParamController.get - APP_KEY:hellwoorld
2020-05-04 00:44:38.399 [INFO ] com.jason.jason_start.controller.ParamController.get - ChartParam(id=xxx, name=zhangkai12913, chart_type=1)
2020-05-04 01:07:05.899 [INFO ] org.springframework.boot.StartupInfoLogger.logStarting - Starting JasonStartApplication on 192.168.5.36 with PID 25768 (/Users/zhangkai/workspace/java/jason_start/target/classes started by zhangkai in /Users/zhangkai/workspace/java/jason_start)
2020-05-04 01:07:05.906 [INFO ] org.springframework.boot.SpringApplication.logStartupProfileInfo - The following profiles are active: test
2020-05-04 01:07:05.948 [INFO ] org.springframework.boot.logging.DeferredLog.logTo - Devtools property defaults active! Set 'spring.devtools.add-properties' to 'false' to disable
2020-05-04 01:07:05.948 [INFO ] org.springframework.boot.logging.DeferredLog.logTo - For additional web related logging consider setting the 'logging.level.web' property to 'DEBUG'
2020-05-04 01:07:07.052 [INFO ] org.springframework.boot.web.embedded.tomcat.TomcatWebServer.initialize - Tomcat initialized with port(s): 8089 (http)
2020-05-04 01:07:07.068 [INFO ] org.apache.juli.logging.DirectJDKLog.log - Initializing ProtocolHandler ["http-nio-8089"]
2020-05-04 01:07:07.068 [INFO ] org.apache.juli.logging.DirectJDKLog.log - Starting service [Tomcat]
2020-05-04 01:07:07.068 [INFO ] org.apache.juli.logging.DirectJDKLog.log - Starting Servlet engine: [Apache Tomcat/9.0.34]
2020-05-04 01:07:07.137 [INFO ] org.apache.juli.logging.DirectJDKLog.log - Initializing Spring embedded WebApplicationContext
2020-05-04 01:07:07.138 [INFO ] org.springframework.boot.web.servlet.context.ServletWebServerApplicationContext.prepareWebApplicationContext - Root WebApplicationContext: initialization completed in 1190 ms
2020-05-04 01:07:07.333 [INFO ] org.apache.juli.logging.DirectJDKLog.log - Stopping service [Tomcat]
2020-05-04 01:07:07.350 [INFO ] org.springframework.boot.autoconfigure.logging.ConditionEvaluationReportLoggingListener.logMessage - 

Error starting ApplicationContext. To display the conditions report re-run your application with 'debug' enabled.
2020-05-04 01:15:43.638 [INFO ] org.springframework.boot.StartupInfoLogger.logStarting - Starting JasonStartApplication on 192.168.5.36 with PID 25783 (/Users/zhangkai/workspace/java/jason_start/target/classes started by zhangkai in /Users/zhangkai/workspace/java/jason_start)
2020-05-04 01:15:43.646 [INFO ] org.springframework.boot.SpringApplication.logStartupProfileInfo - The following profiles are active: test
2020-05-04 01:15:43.680 [INFO ] org.springframework.boot.logging.DeferredLog.logTo - Devtools property defaults active! Set 'spring.devtools.add-properties' to 'false' to disable
2020-05-04 01:15:43.680 [INFO ] org.springframework.boot.logging.DeferredLog.logTo - For additional web related logging consider setting the 'logging.level.web' property to 'DEBUG'
2020-05-04 01:15:45.064 [INFO ] org.springframework.boot.web.embedded.tomcat.TomcatWebServer.initialize - Tomcat initialized with port(s): 8089 (http)
2020-05-04 01:15:45.081 [INFO ] org.apache.juli.logging.DirectJDKLog.log - Initializing ProtocolHandler ["http-nio-8089"]
2020-05-04 01:15:45.082 [INFO ] org.apache.juli.logging.DirectJDKLog.log - Starting service [Tomcat]
2020-05-04 01:15:45.082 [INFO ] org.apache.juli.logging.DirectJDKLog.log - Starting Servlet engine: [Apache Tomcat/9.0.34]
2020-05-04 01:15:45.147 [INFO ] org.apache.juli.logging.DirectJDKLog.log - Initializing Spring embedded WebApplicationContext
2020-05-04 01:15:45.147 [INFO ] org.springframework.boot.web.servlet.context.ServletWebServerApplicationContext.prepareWebApplicationContext - Root WebApplicationContext: initialization completed in 1466 ms
2020-05-04 01:15:45.531 [INFO ] springfox.documentation.spring.web.PropertySourcedRequestMappingHandlerMapping.initHandlerMethods - Mapped URL path [/v2/api-docs] onto method [springfox.documentation.swagger2.web.Swagger2Controller#getDocumentation(String, HttpServletRequest)]
2020-05-04 01:15:45.735 [INFO ] springfox.documentation.spring.web.plugins.DocumentationPluginsBootstrapper.start - Context refreshed
2020-05-04 01:15:45.765 [INFO ] springfox.documentation.spring.web.plugins.DocumentationPluginsBootstrapper.start - Found 1 custom documentation plugin(s)
2020-05-04 01:15:45.803 [INFO ] springfox.documentation.spring.web.scanners.ApiListingReferenceScanner.scan - Scanning for api listing references
2020-05-04 01:15:45.943 [INFO ] org.apache.juli.logging.DirectJDKLog.log - Starting ProtocolHandler ["http-nio-8089"]
2020-05-04 01:15:45.992 [INFO ] org.springframework.boot.web.embedded.tomcat.TomcatWebServer.start - Tomcat started on port(s): 8089 (http) with context path '/jason'
2020-05-04 01:15:45.997 [INFO ] org.springframework.boot.StartupInfoLogger.logStarted - Started JasonStartApplication in 3.012 seconds (JVM running for 3.821)
2020-05-04 01:22:29.472 [INFO ] org.apache.juli.logging.DirectJDKLog.log - Initializing Spring DispatcherServlet 'dispatcherServlet'
2020-05-04 01:22:29.474 [INFO ] org.springframework.web.servlet.FrameworkServlet.initServletBean - Initializing Servlet 'dispatcherServlet'
2020-05-04 01:22:29.488 [INFO ] org.springframework.web.servlet.FrameworkServlet.initServletBean - Completed initialization in 13 ms
2020-05-04 01:22:29.590 [INFO ] com.jason.jason_start.controller.ParamController.get - APP_KEY:hellwoorld
2020-05-04 01:22:29.590 [INFO ] com.jason.jason_start.controller.ParamController.get - ChartParam(id=xxx, name=zhangkai12913, chart_type=1)
2020-05-04 01:45:46.387 [INFO ] org.springframework.boot.StartupInfoLogger.logStarting - Starting JasonStartApplication on 192.168.5.36 with PID 26437 (/Users/zhangkai/workspace/java/jason_start/target/classes started by zhangkai in /Users/zhangkai/workspace/java/jason_start)
2020-05-04 01:45:46.394 [INFO ] org.springframework.boot.SpringApplication.logStartupProfileInfo - The following profiles are active: test
2020-05-04 01:45:46.426 [INFO ] org.springframework.boot.logging.DeferredLog.logTo - Devtools property defaults active! Set 'spring.devtools.add-properties' to 'false' to disable
2020-05-04 01:45:46.427 [INFO ] org.springframework.boot.logging.DeferredLog.logTo - For additional web related logging consider setting the 'logging.level.web' property to 'DEBUG'
2020-05-04 01:45:46.875 [INFO ] org.springframework.boot.autoconfigure.logging.ConditionEvaluationReportLoggingListener.logMessage - 

Error starting ApplicationContext. To display the conditions report re-run your application with 'debug' enabled.
2020-05-04 01:46:09.875 [INFO ] org.springframework.boot.StartupInfoLogger.logStarting - Starting JasonStartApplication on 192.168.5.36 with PID 26446 (/Users/zhangkai/workspace/java/jason_start/target/classes started by zhangkai in /Users/zhangkai/workspace/java/jason_start)
2020-05-04 01:46:09.886 [INFO ] org.springframework.boot.SpringApplication.logStartupProfileInfo - The following profiles are active: test
2020-05-04 01:46:09.947 [INFO ] org.springframework.boot.logging.DeferredLog.logTo - Devtools property defaults active! Set 'spring.devtools.add-properties' to 'false' to disable
2020-05-04 01:46:09.949 [INFO ] org.springframework.boot.logging.DeferredLog.logTo - For additional web related logging consider setting the 'logging.level.web' property to 'DEBUG'
2020-05-04 01:46:10.991 [INFO ] org.springframework.boot.web.embedded.tomcat.TomcatWebServer.initialize - Tomcat initialized with port(s): 8089 (http)
2020-05-04 01:46:11.005 [INFO ] org.apache.juli.logging.DirectJDKLog.log - Initializing ProtocolHandler ["http-nio-8089"]
2020-05-04 01:46:11.005 [INFO ] org.apache.juli.logging.DirectJDKLog.log - Starting service [Tomcat]
2020-05-04 01:46:11.005 [INFO ] org.apache.juli.logging.DirectJDKLog.log - Starting Servlet engine: [Apache Tomcat/9.0.34]
2020-05-04 01:46:11.058 [INFO ] org.apache.juli.logging.DirectJDKLog.log - Initializing Spring embedded WebApplicationContext
2020-05-04 01:46:11.059 [INFO ] org.springframework.boot.web.servlet.context.ServletWebServerApplicationContext.prepareWebApplicationContext - Root WebApplicationContext: initialization completed in 1110 ms
2020-05-04 01:46:11.214 [INFO ] org.apache.juli.logging.DirectJDKLog.log - Stopping service [Tomcat]
2020-05-04 01:46:11.228 [INFO ] org.springframework.boot.autoconfigure.logging.ConditionEvaluationReportLoggingListener.logMessage - 

Error starting ApplicationContext. To display the conditions report re-run your application with 'debug' enabled.
2020-05-04 01:47:12.820 [INFO ] org.springframework.boot.StartupInfoLogger.logStarting - Starting JasonStartApplication on 192.168.5.36 with PID 26456 (/Users/zhangkai/workspace/java/jason_start/target/classes started by zhangkai in /Users/zhangkai/workspace/java/jason_start)
2020-05-04 01:47:12.826 [INFO ] org.springframework.boot.SpringApplication.logStartupProfileInfo - The following profiles are active: test
2020-05-04 01:47:12.856 [INFO ] org.springframework.boot.logging.DeferredLog.logTo - Devtools property defaults active! Set 'spring.devtools.add-properties' to 'false' to disable
2020-05-04 01:47:12.857 [INFO ] org.springframework.boot.logging.DeferredLog.logTo - For additional web related logging consider setting the 'logging.level.web' property to 'DEBUG'
2020-05-04 01:47:13.860 [INFO ] org.springframework.boot.web.embedded.tomcat.TomcatWebServer.initialize - Tomcat initialized with port(s): 8089 (http)
2020-05-04 01:47:13.874 [INFO ] org.apache.juli.logging.DirectJDKLog.log - Initializing ProtocolHandler ["http-nio-8089"]
2020-05-04 01:47:13.874 [INFO ] org.apache.juli.logging.DirectJDKLog.log - Starting service [Tomcat]
2020-05-04 01:47:13.874 [INFO ] org.apache.juli.logging.DirectJDKLog.log - Starting Servlet engine: [Apache Tomcat/9.0.34]
2020-05-04 01:47:13.929 [INFO ] org.apache.juli.logging.DirectJDKLog.log - Initializing Spring embedded WebApplicationContext
2020-05-04 01:47:13.929 [INFO ] org.springframework.boot.web.servlet.context.ServletWebServerApplicationContext.prepareWebApplicationContext - Root WebApplicationContext: initialization completed in 1072 ms
2020-05-04 01:47:14.340 [INFO ] springfox.documentation.spring.web.PropertySourcedRequestMappingHandlerMapping.initHandlerMethods - Mapped URL path [/v2/api-docs] onto method [springfox.documentation.swagger2.web.Swagger2Controller#getDocumentation(String, HttpServletRequest)]
2020-05-04 01:47:14.518 [INFO ] springfox.documentation.spring.web.plugins.DocumentationPluginsBootstrapper.start - Context refreshed
2020-05-04 01:47:14.539 [INFO ] springfox.documentation.spring.web.plugins.DocumentationPluginsBootstrapper.start - Found 1 custom documentation plugin(s)
2020-05-04 01:47:14.579 [INFO ] springfox.documentation.spring.web.scanners.ApiListingReferenceScanner.scan - Scanning for api listing references
2020-05-04 01:47:14.743 [INFO ] org.apache.juli.logging.DirectJDKLog.log - Starting ProtocolHandler ["http-nio-8089"]
2020-05-04 01:47:14.783 [INFO ] org.springframework.boot.web.embedded.tomcat.TomcatWebServer.start - Tomcat started on port(s): 8089 (http) with context path '/jason'
2020-05-04 01:47:14.788 [INFO ] org.springframework.boot.StartupInfoLogger.logStarted - Started JasonStartApplication in 2.402 seconds (JVM running for 3.114)
2020-05-04 01:47:20.162 [INFO ] org.apache.juli.logging.DirectJDKLog.log - Initializing Spring DispatcherServlet 'dispatcherServlet'
2020-05-04 01:47:20.163 [INFO ] org.springframework.web.servlet.FrameworkServlet.initServletBean - Initializing Servlet 'dispatcherServlet'
2020-05-04 01:47:20.171 [INFO ] org.springframework.web.servlet.FrameworkServlet.initServletBean - Completed initialization in 7 ms
2020-05-04 01:47:20.261 [INFO ] com.jason.jason_start.controller.ParamController.get - APP_KEY:hellwoorld
2020-05-04 01:47:20.261 [INFO ] com.jason.jason_start.controller.ParamController.get - ChartParam(id=xxx, name=zhangkai12913, chart_type=1)
2020-05-04 01:47:20.262 [INFO ] com.jason.jason_start.controller.ParamController.get - user:User(id=1, name=jason, note=hello)
2020-05-04 07:50:03.104 [INFO ] org.springframework.boot.StartupInfoLogger.logStarting - Starting JasonStartApplication on 192.168.5.36 with PID 26619 (/Users/zhangkai/workspace/java/jason_start/target/classes started by zhangkai in /Users/zhangkai/workspace/java/jason_start)
2020-05-04 07:50:03.112 [INFO ] org.springframework.boot.SpringApplication.logStartupProfileInfo - The following profiles are active: test
2020-05-04 07:50:03.151 [INFO ] org.springframework.boot.logging.DeferredLog.logTo - Devtools property defaults active! Set 'spring.devtools.add-properties' to 'false' to disable
2020-05-04 07:50:03.152 [INFO ] org.springframework.boot.logging.DeferredLog.logTo - For additional web related logging consider setting the 'logging.level.web' property to 'DEBUG'
2020-05-04 07:50:04.324 [INFO ] org.springframework.boot.web.embedded.tomcat.TomcatWebServer.initialize - Tomcat initialized with port(s): 8089 (http)
2020-05-04 07:50:04.344 [INFO ] org.apache.juli.logging.DirectJDKLog.log - Initializing ProtocolHandler ["http-nio-8089"]
2020-05-04 07:50:04.344 [INFO ] org.apache.juli.logging.DirectJDKLog.log - Starting service [Tomcat]
2020-05-04 07:50:04.345 [INFO ] org.apache.juli.logging.DirectJDKLog.log - Starting Servlet engine: [Apache Tomcat/9.0.34]
2020-05-04 07:50:04.415 [INFO ] org.apache.juli.logging.DirectJDKLog.log - Initializing Spring embedded WebApplicationContext
2020-05-04 07:50:04.416 [INFO ] org.springframework.boot.web.servlet.context.ServletWebServerApplicationContext.prepareWebApplicationContext - Root WebApplicationContext: initialization completed in 1264 ms
2020-05-04 07:50:04.853 [INFO ] springfox.documentation.spring.web.PropertySourcedRequestMappingHandlerMapping.initHandlerMethods - Mapped URL path [/v2/api-docs] onto method [springfox.documentation.swagger2.web.Swagger2Controller#getDocumentation(String, HttpServletRequest)]
2020-05-04 07:50:05.052 [INFO ] springfox.documentation.spring.web.plugins.DocumentationPluginsBootstrapper.start - Context refreshed
2020-05-04 07:50:05.083 [INFO ] springfox.documentation.spring.web.plugins.DocumentationPluginsBootstrapper.start - Found 1 custom documentation plugin(s)
2020-05-04 07:50:05.124 [INFO ] springfox.documentation.spring.web.scanners.ApiListingReferenceScanner.scan - Scanning for api listing references
2020-05-04 07:50:05.246 [INFO ] springfox.documentation.spring.web.readers.operation.CachingOperationNameGenerator.startingWith - Generating unique operation named: indexUsingGET_1
2020-05-04 07:50:05.263 [INFO ] org.apache.juli.logging.DirectJDKLog.log - Starting ProtocolHandler ["http-nio-8089"]
2020-05-04 07:50:05.303 [INFO ] org.springframework.boot.web.embedded.tomcat.TomcatWebServer.start - Tomcat started on port(s): 8089 (http) with context path '/jason'
2020-05-04 07:50:05.307 [INFO ] org.springframework.boot.StartupInfoLogger.logStarted - Started JasonStartApplication in 2.669 seconds (JVM running for 3.64)
2020-05-04 07:50:08.248 [INFO ] org.apache.juli.logging.DirectJDKLog.log - Initializing Spring DispatcherServlet 'dispatcherServlet'
2020-05-04 07:50:08.248 [INFO ] org.springframework.web.servlet.FrameworkServlet.initServletBean - Initializing Servlet 'dispatcherServlet'
2020-05-04 07:50:08.257 [INFO ] org.springframework.web.servlet.FrameworkServlet.initServletBean - Completed initialization in 9 ms
2020-05-04 07:51:28.969 [INFO ] org.springframework.boot.StartupInfoLogger.logStarting - Starting JasonStartApplication on 192.168.5.36 with PID 26638 (/Users/zhangkai/workspace/java/jason_start/target/classes started by zhangkai in /Users/zhangkai/workspace/java/jason_start)
2020-05-04 07:51:28.981 [INFO ] org.springframework.boot.SpringApplication.logStartupProfileInfo - The following profiles are active: test
2020-05-04 07:51:29.065 [INFO ] org.springframework.boot.logging.DeferredLog.logTo - Devtools property defaults active! Set 'spring.devtools.add-properties' to 'false' to disable
2020-05-04 07:51:29.066 [INFO ] org.springframework.boot.logging.DeferredLog.logTo - For additional web related logging consider setting the 'logging.level.web' property to 'DEBUG'
2020-05-04 07:51:30.204 [INFO ] org.springframework.boot.web.embedded.tomcat.TomcatWebServer.initialize - Tomcat initialized with port(s): 8089 (http)
2020-05-04 07:51:30.223 [INFO ] org.apache.juli.logging.DirectJDKLog.log - Initializing ProtocolHandler ["http-nio-8089"]
2020-05-04 07:51:30.224 [INFO ] org.apache.juli.logging.DirectJDKLog.log - Starting service [Tomcat]
2020-05-04 07:51:30.224 [INFO ] org.apache.juli.logging.DirectJDKLog.log - Starting Servlet engine: [Apache Tomcat/9.0.34]
2020-05-04 07:51:30.324 [INFO ] org.apache.juli.logging.DirectJDKLog.log - Initializing Spring embedded WebApplicationContext
2020-05-04 07:51:30.324 [INFO ] org.springframework.boot.web.servlet.context.ServletWebServerApplicationContext.prepareWebApplicationContext - Root WebApplicationContext: initialization completed in 1257 ms
2020-05-04 07:51:30.742 [INFO ] springfox.documentation.spring.web.PropertySourcedRequestMappingHandlerMapping.initHandlerMethods - Mapped URL path [/v2/api-docs] onto method [springfox.documentation.swagger2.web.Swagger2Controller#getDocumentation(String, HttpServletRequest)]
2020-05-04 07:51:30.933 [INFO ] springfox.documentation.spring.web.plugins.DocumentationPluginsBootstrapper.start - Context refreshed
2020-05-04 07:51:30.954 [INFO ] springfox.documentation.spring.web.plugins.DocumentationPluginsBootstrapper.start - Found 1 custom documentation plugin(s)
2020-05-04 07:51:30.989 [INFO ] springfox.documentation.spring.web.scanners.ApiListingReferenceScanner.scan - Scanning for api listing references
2020-05-04 07:51:31.108 [INFO ] springfox.documentation.spring.web.readers.operation.CachingOperationNameGenerator.startingWith - Generating unique operation named: indexUsingGET_1
2020-05-04 07:51:31.123 [INFO ] org.apache.juli.logging.DirectJDKLog.log - Starting ProtocolHandler ["http-nio-8089"]
2020-05-04 07:51:31.159 [INFO ] org.springframework.boot.web.embedded.tomcat.TomcatWebServer.start - Tomcat started on port(s): 8089 (http) with context path '/jason'
2020-05-04 07:51:31.164 [INFO ] org.springframework.boot.StartupInfoLogger.logStarted - Started JasonStartApplication in 2.634 seconds (JVM running for 3.537)
2020-05-04 07:51:31.358 [INFO ] org.apache.juli.logging.DirectJDKLog.log - Initializing Spring DispatcherServlet 'dispatcherServlet'
2020-05-04 07:51:31.358 [INFO ] org.springframework.web.servlet.FrameworkServlet.initServletBean - Initializing Servlet 'dispatcherServlet'
2020-05-04 07:51:31.364 [INFO ] org.springframework.web.servlet.FrameworkServlet.initServletBean - Completed initialization in 5 ms
2020-05-04 07:52:12.787 [INFO ] org.springframework.boot.StartupInfoLogger.logStarting - Starting JasonStartApplication on 192.168.5.36 with PID 26648 (/Users/zhangkai/workspace/java/jason_start/target/classes started by zhangkai in /Users/zhangkai/workspace/java/jason_start)
2020-05-04 07:52:12.794 [INFO ] org.springframework.boot.SpringApplication.logStartupProfileInfo - The following profiles are active: test
2020-05-04 07:52:12.833 [INFO ] org.springframework.boot.logging.DeferredLog.logTo - Devtools property defaults active! Set 'spring.devtools.add-properties' to 'false' to disable
2020-05-04 07:52:12.833 [INFO ] org.springframework.boot.logging.DeferredLog.logTo - For additional web related logging consider setting the 'logging.level.web' property to 'DEBUG'
2020-05-04 07:52:13.873 [INFO ] org.springframework.boot.web.embedded.tomcat.TomcatWebServer.initialize - Tomcat initialized with port(s): 8089 (http)
2020-05-04 07:52:13.893 [INFO ] org.apache.juli.logging.DirectJDKLog.log - Initializing ProtocolHandler ["http-nio-8089"]
2020-05-04 07:52:13.893 [INFO ] org.apache.juli.logging.DirectJDKLog.log - Starting service [Tomcat]
2020-05-04 07:52:13.894 [INFO ] org.apache.juli.logging.DirectJDKLog.log - Starting Servlet engine: [Apache Tomcat/9.0.34]
2020-05-04 07:52:13.972 [INFO ] org.apache.juli.logging.DirectJDKLog.log - Initializing Spring embedded WebApplicationContext
2020-05-04 07:52:13.973 [INFO ] org.springframework.boot.web.servlet.context.ServletWebServerApplicationContext.prepareWebApplicationContext - Root WebApplicationContext: initialization completed in 1139 ms
2020-05-04 07:52:14.388 [INFO ] springfox.documentation.spring.web.PropertySourcedRequestMappingHandlerMapping.initHandlerMethods - Mapped URL path [/v2/api-docs] onto method [springfox.documentation.swagger2.web.Swagger2Controller#getDocumentation(String, HttpServletRequest)]
2020-05-04 07:52:14.563 [INFO ] springfox.documentation.spring.web.plugins.DocumentationPluginsBootstrapper.start - Context refreshed
2020-05-04 07:52:14.583 [INFO ] springfox.documentation.spring.web.plugins.DocumentationPluginsBootstrapper.start - Found 1 custom documentation plugin(s)
2020-05-04 07:52:14.617 [INFO ] springfox.documentation.spring.web.scanners.ApiListingReferenceScanner.scan - Scanning for api listing references
2020-05-04 07:52:14.746 [INFO ] springfox.documentation.spring.web.readers.operation.CachingOperationNameGenerator.startingWith - Generating unique operation named: indexUsingGET_1
2020-05-04 07:52:14.761 [INFO ] org.apache.juli.logging.DirectJDKLog.log - Starting ProtocolHandler ["http-nio-8089"]
2020-05-04 07:52:14.798 [INFO ] org.springframework.boot.web.embedded.tomcat.TomcatWebServer.start - Tomcat started on port(s): 8089 (http) with context path '/jason'
2020-05-04 07:52:14.802 [INFO ] org.springframework.boot.StartupInfoLogger.logStarted - Started JasonStartApplication in 2.473 seconds (JVM running for 3.223)
2020-05-04 07:52:55.519 [INFO ] org.apache.juli.logging.DirectJDKLog.log - Initializing Spring DispatcherServlet 'dispatcherServlet'
2020-05-04 07:52:55.519 [INFO ] org.springframework.web.servlet.FrameworkServlet.initServletBean - Initializing Servlet 'dispatcherServlet'
2020-05-04 07:52:55.525 [INFO ] org.springframework.web.servlet.FrameworkServlet.initServletBean - Completed initialization in 6 ms
2020-05-04 07:52:55.543 [INFO ] com.jason.jason_start.chapter1.Dog.use - Dog Dog 是用来看门的.
2020-05-04 08:12:21.252 [INFO ] org.springframework.boot.StartupInfoLogger.logStarting - Starting JasonStartApplication on 192.168.5.36 with PID 26703 (/Users/zhangkai/workspace/java/jason_start/target/classes started by zhangkai in /Users/zhangkai/workspace/java/jason_start)
2020-05-04 08:12:21.259 [INFO ] org.springframework.boot.SpringApplication.logStartupProfileInfo - The following profiles are active: test
2020-05-04 08:12:21.295 [INFO ] org.springframework.boot.logging.DeferredLog.logTo - Devtools property defaults active! Set 'spring.devtools.add-properties' to 'false' to disable
2020-05-04 08:12:21.296 [INFO ] org.springframework.boot.logging.DeferredLog.logTo - For additional web related logging consider setting the 'logging.level.web' property to 'DEBUG'
2020-05-04 08:12:22.305 [INFO ] org.springframework.boot.web.embedded.tomcat.TomcatWebServer.initialize - Tomcat initialized with port(s): 8089 (http)
2020-05-04 08:12:22.317 [INFO ] org.apache.juli.logging.DirectJDKLog.log - Initializing ProtocolHandler ["http-nio-8089"]
2020-05-04 08:12:22.318 [INFO ] org.apache.juli.logging.DirectJDKLog.log - Starting service [Tomcat]
2020-05-04 08:12:22.318 [INFO ] org.apache.juli.logging.DirectJDKLog.log - Starting Servlet engine: [Apache Tomcat/9.0.34]
2020-05-04 08:12:22.371 [INFO ] org.apache.juli.logging.DirectJDKLog.log - Initializing Spring embedded WebApplicationContext
2020-05-04 08:12:22.372 [INFO ] org.springframework.boot.web.servlet.context.ServletWebServerApplicationContext.prepareWebApplicationContext - Root WebApplicationContext: initialization completed in 1076 ms
2020-05-04 08:12:22.791 [INFO ] springfox.documentation.spring.web.PropertySourcedRequestMappingHandlerMapping.initHandlerMethods - Mapped URL path [/v2/api-docs] onto method [springfox.documentation.swagger2.web.Swagger2Controller#getDocumentation(String, HttpServletRequest)]
2020-05-04 08:12:22.954 [INFO ] springfox.documentation.spring.web.plugins.DocumentationPluginsBootstrapper.start - Context refreshed
2020-05-04 08:12:22.971 [INFO ] springfox.documentation.spring.web.plugins.DocumentationPluginsBootstrapper.start - Found 1 custom documentation plugin(s)
2020-05-04 08:12:22.994 [INFO ] springfox.documentation.spring.web.scanners.ApiListingReferenceScanner.scan - Scanning for api listing references
2020-05-04 08:12:23.140 [INFO ] springfox.documentation.spring.web.readers.operation.CachingOperationNameGenerator.startingWith - Generating unique operation named: indexUsingGET_1
2020-05-04 08:12:23.155 [INFO ] org.apache.juli.logging.DirectJDKLog.log - Starting ProtocolHandler ["http-nio-8089"]
2020-05-04 08:12:23.190 [INFO ] org.springframework.boot.web.embedded.tomcat.TomcatWebServer.start - Tomcat started on port(s): 8089 (http) with context path '/jason'
2020-05-04 08:12:23.194 [INFO ] org.springframework.boot.StartupInfoLogger.logStarted - Started JasonStartApplication in 2.536 seconds (JVM running for 3.164)
2020-05-04 08:12:47.037 [INFO ] org.apache.juli.logging.DirectJDKLog.log - Initializing Spring DispatcherServlet 'dispatcherServlet'
2020-05-04 08:12:47.038 [INFO ] org.springframework.web.servlet.FrameworkServlet.initServletBean - Initializing Servlet 'dispatcherServlet'
2020-05-04 08:12:47.044 [INFO ] org.springframework.web.servlet.FrameworkServlet.initServletBean - Completed initialization in 6 ms
2020-05-04 08:38:56.272 [INFO ] org.springframework.boot.StartupInfoLogger.logStarting - Starting JasonStartApplication on 192.168.5.36 with PID 26862 (/Users/zhangkai/workspace/java/jason_start/target/classes started by zhangkai in /Users/zhangkai/workspace/java/jason_start)
2020-05-04 08:38:56.281 [INFO ] org.springframework.boot.SpringApplication.logStartupProfileInfo - The following profiles are active: test
2020-05-04 08:38:56.328 [INFO ] org.springframework.boot.logging.DeferredLog.logTo - Devtools property defaults active! Set 'spring.devtools.add-properties' to 'false' to disable
2020-05-04 08:38:56.329 [INFO ] org.springframework.boot.logging.DeferredLog.logTo - For additional web related logging consider setting the 'logging.level.web' property to 'DEBUG'
2020-05-04 08:38:57.437 [INFO ] org.springframework.boot.web.embedded.tomcat.TomcatWebServer.initialize - Tomcat initialized with port(s): 8089 (http)
2020-05-04 08:38:57.453 [INFO ] org.apache.juli.logging.DirectJDKLog.log - Initializing ProtocolHandler ["http-nio-8089"]
2020-05-04 08:38:57.453 [INFO ] org.apache.juli.logging.DirectJDKLog.log - Starting service [Tomcat]
2020-05-04 08:38:57.454 [INFO ] org.apache.juli.logging.DirectJDKLog.log - Starting Servlet engine: [Apache Tomcat/9.0.34]
2020-05-04 08:38:57.595 [INFO ] org.apache.juli.logging.DirectJDKLog.log - Initializing Spring embedded WebApplicationContext
2020-05-04 08:38:57.595 [INFO ] org.springframework.boot.web.servlet.context.ServletWebServerApplicationContext.prepareWebApplicationContext - Root WebApplicationContext: initialization completed in 1266 ms
2020-05-04 08:38:57.663 [INFO ] org.apache.juli.logging.DirectJDKLog.log - Stopping service [Tomcat]
2020-05-04 08:38:57.678 [INFO ] org.springframework.boot.autoconfigure.logging.ConditionEvaluationReportLoggingListener.logMessage - 

Error starting ApplicationContext. To display the conditions report re-run your application with 'debug' enabled.
2020-05-04 08:39:37.873 [INFO ] org.springframework.boot.StartupInfoLogger.logStarting - Starting JasonStartApplication on 192.168.5.36 with PID 26870 (/Users/zhangkai/workspace/java/jason_start/target/classes started by zhangkai in /Users/zhangkai/workspace/java/jason_start)
2020-05-04 08:39:37.882 [INFO ] org.springframework.boot.SpringApplication.logStartupProfileInfo - The following profiles are active: test
2020-05-04 08:39:37.931 [INFO ] org.springframework.boot.logging.DeferredLog.logTo - Devtools property defaults active! Set 'spring.devtools.add-properties' to 'false' to disable
2020-05-04 08:39:37.932 [INFO ] org.springframework.boot.logging.DeferredLog.logTo - For additional web related logging consider setting the 'logging.level.web' property to 'DEBUG'
2020-05-04 08:39:39.053 [INFO ] org.springframework.boot.web.embedded.tomcat.TomcatWebServer.initialize - Tomcat initialized with port(s): 8089 (http)
2020-05-04 08:39:39.069 [INFO ] org.apache.juli.logging.DirectJDKLog.log - Initializing ProtocolHandler ["http-nio-8089"]
2020-05-04 08:39:39.069 [INFO ] org.apache.juli.logging.DirectJDKLog.log - Starting service [Tomcat]
2020-05-04 08:39:39.070 [INFO ] org.apache.juli.logging.DirectJDKLog.log - Starting Servlet engine: [Apache Tomcat/9.0.34]
2020-05-04 08:39:39.221 [INFO ] org.apache.juli.logging.DirectJDKLog.log - Initializing Spring embedded WebApplicationContext
2020-05-04 08:39:39.221 [INFO ] org.springframework.boot.web.servlet.context.ServletWebServerApplicationContext.prepareWebApplicationContext - Root WebApplicationContext: initialization completed in 1289 ms
2020-05-04 08:39:39.602 [INFO ] springfox.documentation.spring.web.PropertySourcedRequestMappingHandlerMapping.initHandlerMethods - Mapped URL path [/v2/api-docs] onto method [springfox.documentation.swagger2.web.Swagger2Controller#getDocumentation(String, HttpServletRequest)]
2020-05-04 08:39:39.780 [INFO ] springfox.documentation.spring.web.plugins.DocumentationPluginsBootstrapper.start - Context refreshed
2020-05-04 08:39:39.799 [INFO ] springfox.documentation.spring.web.plugins.DocumentationPluginsBootstrapper.start - Found 1 custom documentation plugin(s)
2020-05-04 08:39:39.826 [INFO ] springfox.documentation.spring.web.scanners.ApiListingReferenceScanner.scan - Scanning for api listing references
2020-05-04 08:39:39.962 [INFO ] springfox.documentation.spring.web.readers.operation.CachingOperationNameGenerator.startingWith - Generating unique operation named: indexUsingGET_1
2020-05-04 08:39:39.977 [INFO ] org.apache.juli.logging.DirectJDKLog.log - Starting ProtocolHandler ["http-nio-8089"]
2020-05-04 08:39:40.012 [INFO ] org.springframework.boot.web.embedded.tomcat.TomcatWebServer.start - Tomcat started on port(s): 8089 (http) with context path '/jason'
2020-05-04 08:39:40.015 [INFO ] org.springframework.boot.StartupInfoLogger.logStarted - Started JasonStartApplication in 2.564 seconds (JVM running for 3.18)
2020-05-04 08:39:46.859 [INFO ] org.apache.juli.logging.DirectJDKLog.log - Initializing Spring DispatcherServlet 'dispatcherServlet'
2020-05-04 08:39:46.860 [INFO ] org.springframework.web.servlet.FrameworkServlet.initServletBean - Initializing Servlet 'dispatcherServlet'
2020-05-04 08:39:46.865 [INFO ] org.springframework.web.servlet.FrameworkServlet.initServletBean - Completed initialization in 5 ms
2020-05-04 08:39:55.879 [INFO ] com.jason.jason_start.service.impl.HelloServiceImpl.sayHello - say hello.jason
2020-05-04 08:41:32.097 [INFO ] org.springframework.boot.StartupInfoLogger.logStarting - Starting JasonStartApplication on 192.168.5.36 with PID 26877 (/Users/zhangkai/workspace/java/jason_start/target/classes started by zhangkai in /Users/zhangkai/workspace/java/jason_start)
2020-05-04 08:41:32.104 [INFO ] org.springframework.boot.SpringApplication.logStartupProfileInfo - The following profiles are active: test
2020-05-04 08:41:32.145 [INFO ] org.springframework.boot.logging.DeferredLog.logTo - Devtools property defaults active! Set 'spring.devtools.add-properties' to 'false' to disable
2020-05-04 08:41:32.146 [INFO ] org.springframework.boot.logging.DeferredLog.logTo - For additional web related logging consider setting the 'logging.level.web' property to 'DEBUG'
2020-05-04 08:41:33.170 [INFO ] org.springframework.boot.autoconfigure.logging.ConditionEvaluationReportLoggingListener.logMessage - 

Error starting ApplicationContext. To display the conditions report re-run your application with 'debug' enabled.
2020-05-04 08:42:50.379 [INFO ] org.springframework.boot.StartupInfoLogger.logStarting - Starting JasonStartApplication on 192.168.5.36 with PID 26885 (/Users/zhangkai/workspace/java/jason_start/target/classes started by zhangkai in /Users/zhangkai/workspace/java/jason_start)
2020-05-04 08:42:50.388 [INFO ] org.springframework.boot.SpringApplication.logStartupProfileInfo - The following profiles are active: test
2020-05-04 08:42:50.440 [INFO ] org.springframework.boot.logging.DeferredLog.logTo - Devtools property defaults active! Set 'spring.devtools.add-properties' to 'false' to disable
2020-05-04 08:42:50.441 [INFO ] org.springframework.boot.logging.DeferredLog.logTo - For additional web related logging consider setting the 'logging.level.web' property to 'DEBUG'
2020-05-04 08:42:51.893 [INFO ] org.springframework.boot.web.embedded.tomcat.TomcatWebServer.initialize - Tomcat initialized with port(s): 8089 (http)
2020-05-04 08:42:51.909 [INFO ] org.apache.juli.logging.DirectJDKLog.log - Initializing ProtocolHandler ["http-nio-8089"]
2020-05-04 08:42:51.909 [INFO ] org.apache.juli.logging.DirectJDKLog.log - Starting service [Tomcat]
2020-05-04 08:42:51.910 [INFO ] org.apache.juli.logging.DirectJDKLog.log - Starting Servlet engine: [Apache Tomcat/9.0.34]
2020-05-04 08:42:51.976 [INFO ] org.apache.juli.logging.DirectJDKLog.log - Initializing Spring embedded WebApplicationContext
2020-05-04 08:42:51.976 [INFO ] org.springframework.boot.web.servlet.context.ServletWebServerApplicationContext.prepareWebApplicationContext - Root WebApplicationContext: initialization completed in 1535 ms
2020-05-04 08:42:52.401 [INFO ] springfox.documentation.spring.web.PropertySourcedRequestMappingHandlerMapping.initHandlerMethods - Mapped URL path [/v2/api-docs] onto method [springfox.documentation.swagger2.web.Swagger2Controller#getDocumentation(String, HttpServletRequest)]
2020-05-04 08:42:52.589 [INFO ] springfox.documentation.spring.web.plugins.DocumentationPluginsBootstrapper.start - Context refreshed
2020-05-04 08:42:52.608 [INFO ] springfox.documentation.spring.web.plugins.DocumentationPluginsBootstrapper.start - Found 1 custom documentation plugin(s)
2020-05-04 08:42:52.639 [INFO ] springfox.documentation.spring.web.scanners.ApiListingReferenceScanner.scan - Scanning for api listing references
2020-05-04 08:42:52.761 [INFO ] springfox.documentation.spring.web.readers.operation.CachingOperationNameGenerator.startingWith - Generating unique operation named: indexUsingGET_1
2020-05-04 08:42:52.777 [INFO ] org.apache.juli.logging.DirectJDKLog.log - Starting ProtocolHandler ["http-nio-8089"]
2020-05-04 08:42:52.817 [INFO ] org.springframework.boot.web.embedded.tomcat.TomcatWebServer.start - Tomcat started on port(s): 8089 (http) with context path '/jason'
2020-05-04 08:42:52.823 [INFO ] org.springframework.boot.StartupInfoLogger.logStarted - Started JasonStartApplication in 2.948 seconds (JVM running for 3.689)
2020-05-04 08:43:00.296 [INFO ] org.apache.juli.logging.DirectJDKLog.log - Initializing Spring DispatcherServlet 'dispatcherServlet'
2020-05-04 08:43:00.296 [INFO ] org.springframework.web.servlet.FrameworkServlet.initServletBean - Initializing Servlet 'dispatcherServlet'
2020-05-04 08:43:00.304 [INFO ] org.springframework.web.servlet.FrameworkServlet.initServletBean - Completed initialization in 7 ms
2020-05-04 08:43:00.328 [INFO ] com.jason.jason_start.common.MyAspect.before - before...
2020-05-04 08:43:00.333 [INFO ] com.jason.jason_start.service.impl.HelloServiceImpl.sayHello - say hello.jason
2020-05-04 08:43:00.333 [INFO ] com.jason.jason_start.common.MyAspect.after - after.
2020-05-04 08:43:00.334 [INFO ] com.jason.jason_start.common.MyAspect.afterReturning - afterReturning.
